<?xml version="1.0" encoding="UTF-8"?>
<!-- Generated by org.testng.reporters.JUnitReportReporter -->
<testsuite hostname="LAPTOP-FSH78CGL" failures="0" tests="1" name="contacts.TC_VT_001_Test" time="23.599" errors="0" timestamp="2025-08-15T17:30:52 IST" skipped="0">
  <testcase classname="contacts.TC_VT_001_Test" name="clickOnContacts" time="23.599"/>
</testsuite> <!-- contacts.TC_VT_001_Test -->
