<?xml version="1.0" encoding="UTF-8"?>
<!-- Generated by org.testng.reporters.JUnitReportReporter -->
<testsuite hostname="LAPTOP-FSH78CGL" failures="0" tests="1" name="contacts.TC_VT_002_Test" time="38.041" errors="0" timestamp="2025-08-15T17:30:52 IST" skipped="0">
  <testcase classname="contacts.TC_VT_002_Test" name="createContact" time="38.041"/>
</testsuite> <!-- contacts.TC_VT_002_Test -->
