<?xml version="1.0" encoding="UTF-8"?>
<!-- Generated by org.testng.reporters.JUnitReportReporter -->
<testsuite hostname="LAPTOP-FSH78CGL" failures="0" tests="1" name="organizations.TC_VT_012_Test" time="27.675" errors="0" timestamp="2025-08-15T17:30:52 IST" skipped="0">
  <testcase classname="organizations.TC_VT_012_Test" name="createOraganzation" time="27.675"/>
</testsuite> <!-- organizations.TC_VT_012_Test -->
