<?xml version="1.0" encoding="UTF-8"?>
<!-- Generated by org.testng.reporters.JUnitReportReporter -->
<testsuite hostname="LAPTOP-FSH78CGL" failures="0" tests="1" name="contacts.TC_VT_003_Test" time="37.239" errors="0" timestamp="2025-08-15T17:53:22 IST" skipped="0">
  <testcase classname="contacts.TC_VT_003_Test" name="createContactWithOrganization" time="37.239"/>
</testsuite> <!-- contacts.TC_VT_003_Test -->
